[[MSG]]
[2.2.0]
NOTE;Logging configuration has changed. 'org.ops4j.pax.logging.cfg' has been backed up and restored to defaults!
NOTE;*.rules files are now validated upon startup. Files with errors will from now on be logged and ignored by the runtime.

[2.3.0]
ALERT;Nest Binding: The 'camera' Thing Type now has channel groups. Add 'camera#' before the channel ID in the channel UID of existing camera channels. The 'time_to_target_mins' channel of the 'thermostat' Thing Type is renamed to 'time_to_target'
ALERT;Oceanic Binding: The 'softener' Thing Type no longer exists and is replaced by the 'serial' and 'ethernet' Thing Types
ALERT;Yamaha Receiver Binding: The configuration parameter names now use lower camel case convention. Change 'HOST' to 'host', 'PORT' to 'port' etc

[2.4.0]
ALERT;Astro Binding: The 'kilometer' and 'miles' channels have been replaced by a new 'distance' channel
ALERT;Jeelink Binding: The 'currentWatt' and 'maxWatt' channels have been replaced with 'currentPower' and 'maxPower' channels
ALERT;WeatherUnderground Binding: A bridge has been added on top of the current things, you need to add a bridge containing your api-key.
ALERT;ZWave Binding: Major changes have been merged to support features such as security. All things must be deleted and re-added. Refer to https://community.openhab.org/t/zwave-binding-updates/51080 for further information.
ALERT;Synop Binding is now using UoM. 'wind-speed-ms' and 'wind-speed-knots' channels have been replaced by a single 'wind-speed' channel.
ALERT;Amazonechocontrol Binding: The account thing does not have settings anymore. You have to login at amazon once again through the proxy server http(s)://<YourOpenHAB>/amazonechocontrol
ALERT;Milight Binding: The various available bulb types do not appear in the Paper UI Inbox anymore. The correct bulb need to be added manually. The bulb "zone" is now a configuration. Bulb Things need to be recreated to apply this change.
ALERT;Hue emulation: The item to hue ID mapping is no longer stored in files, but in the openHAB storage service. You need to rediscover "devices" in all services that use the hue emulation (Amazon Echo, Google Home, etc).

[2.5.0]
ALERT;senseBox Binding: The senseBox binding is now using Units of Measurements, and the channel name for Illuminance has changed. The Items must be reconfigured.
ALERT;Vitotronic Binding: The following channels have been renamed: 'outsite_temp' to 'outside_temp', 'pelletburner:power' to 'pelletburner:powerlevel', 'party_temp' to 'party_temp_setpoint' and 'save_temp' to 'save_temp_setpoint'
ALERT;OneWire Binding: Some thing types have changed and need to be updated in textual configurations. See documentation for further information.
ALERT;REST Docs: This add-on is now part of the UIs. When installing it using textual configuration, update 'services/addons.cfg' by removing 'restdocs' from 'misc' and add it to 'ui' instead.
ALERT;EnOcean Binding: Channel 'receivingState' has been removed, because this was a string containing many information. For this, there are three new channels: 'rssi', 'repeatCount' and 'lastReceived'.
ALERT;Mail Action: The mail action has been replaced by a new mail binding.
ALERT;Homekit: Some tags have been renamed. Old names will not be supported in future versions. Please check documentation.

[[PRE]]
[2.2.0]
DEFAULT;$OPENHAB_USERDATA/etc/org.ops4j.pax.logging.cfg

[[POST]]
[2.3.0]
DELETE;$OPENHAB_USERDATA/etc/org.openhab.addons.cfg
DELETEDIR;$OPENHAB_USERDATA/kar
