all.policy
branding.properties
branding-ssh.properties
com.eclipsesource.jaxrs.connector.cfg
com.eclipsesource.jaxrs.swagger.cfg
config.properties
custom.properties
custom.system.properties
distribution.info
jmx.acl.org.apache.karaf.bundle.cfg
jmx.acl.org.apache.karaf.config.cfg
jre.properties
org.apache.felix.eventadmin.impl.EventAdmin.cfg
org.apache.felix.fileinstall-deploy.cfg
org.apache.karaf.command.acl.bundle.cfg
org.apache.karaf.command.acl.config.cfg
org.apache.karaf.command.acl.feature.cfg
org.apache.karaf.command.acl.jaas.cfg
org.apache.karaf.command.acl.kar.cfg
org.apache.karaf.command.acl.scope_bundle.cfg
org.apache.karaf.command.acl.shell.cfg
org.apache.karaf.command.acl.system.cfg
org.apache.karaf.features.cfg
org.apache.karaf.features.repos.cfg
org.apache.karaf.jaas.cfg
org.apache.karaf.kar.cfg
org.apache.karaf.log.cfg
org.apache.karaf.shell.cfg
org.jupnp.cfg
org.ops4j.pax.url.mvn.cfg
overrides.properties
profile.cfg
startup.properties
system.properties
version.properties
